<?xml version="1.0" encoding="UTF-8"?>
<!-- Generated by org.testng.reporters.JUnitReportReporter -->
<testsuite hostname="vasu-PC" name="com.vasu.testng.MultipleTestNg" tests="3" failures="0" timestamp="12 Feb 2019 02:55:50 GMT" time="8.810" errors="0">
  <testcase name="appLaunch" time="6.886" classname="com.vasu.testng.MultipleTestNg"/>
  <testcase name="appLogin" time="1.870" classname="com.vasu.testng.MultipleTestNg"/>
  <testcase name="appClose" time="0.054" classname="com.vasu.testng.MultipleTestNg"/>
</testsuite> <!-- com.vasu.testng.MultipleTestNg -->
