<?xml version="1.0" encoding="UTF-8"?>
<!-- Generated by org.testng.reporters.JUnitReportReporter -->
<testsuite hostname="vasu-PC" name="com.vasu.testng.DataProviderTest" tests="2" failures="0" timestamp="14 Feb 2019 02:57:01 GMT" time="0.029" errors="0">
  <testcase name="sample" time="0.008" classname="com.vasu.testng.DataProviderTest"/>
  <testcase name="sample" time="0.021" classname="com.vasu.testng.DataProviderTest"/>
</testsuite> <!-- com.vasu.testng.DataProviderTest -->
