<?xml version="1.0" encoding="UTF-8"?>
<!-- Generated by org.testng.reporters.JUnitReportReporter -->
<testsuite hostname="vasu-PC" name="com.vasu.testng.AdminLoginTest" tests="1" failures="0" timestamp="12 Feb 2019 02:55:50 GMT" time="9.768" errors="0">
  <testcase name="adminLogin" time="9.768" classname="com.vasu.testng.AdminLoginTest"/>
</testsuite> <!-- com.vasu.testng.AdminLoginTest -->
