<?xml version="1.0" encoding="UTF-8"?>
<!-- Generated by org.testng.reporters.JUnitReportReporter -->
<testsuite hostname="vasu-PC" name="com.vasu.testng.AnnotationsTest" tests="1" failures="0" timestamp="14 Feb 2019 02:37:51 GMT" time="0.011" errors="0">
  <testcase name="method1" time="0.011" classname="com.vasu.testng.AnnotationsTest"/>
</testsuite> <!-- com.vasu.testng.AnnotationsTest -->
