<?xml version="1.0" encoding="UTF-8"?>
<!-- Generated by org.testng.reporters.JUnitReportReporter -->
<testsuite hostname="vasu-PC" name="com.vasu.testng.EmpAddTest" tests="1" failures="0" timestamp="14 Feb 2019 02:48:05 GMT" time="8.559" errors="0">
  <testcase name="empAdd" time="8.559" classname="com.vasu.testng.EmpAddTest"/>
</testsuite> <!-- com.vasu.testng.EmpAddTest -->
