<?xml version="1.0" encoding="UTF-8"?>
<!-- Generated by org.testng.reporters.JUnitReportReporter -->
<testsuite hostname="vasu-PC" name="com.vasu.testng.ValidationTest" tests="1" failures="0" timestamp="14 Feb 2019 02:46:39 GMT" time="0.028" errors="0">
  <testcase name="validation" time="0.028" classname="com.vasu.testng.ValidationTest"/>
</testsuite> <!-- com.vasu.testng.ValidationTest -->
