<?xml version="1.0" encoding="UTF-8"?>
<!-- Generated by org.testng.reporters.JUnitReportReporter -->
<testsuite hostname="vasu-PC" name="com.vasu.testng.FirstTestNg" tests="1" failures="0" timestamp="12 Feb 2019 02:55:50 GMT" time="0.001" errors="0">
  <testcase name="first" time="0.001" classname="com.vasu.testng.FirstTestNg"/>
</testsuite> <!-- com.vasu.testng.FirstTestNg -->
