<?xml version="1.0" encoding="UTF-8"?>
<!-- Generated by org.testng.reporters.JUnitReportReporter -->
<testsuite hostname="vasu-PC" name="com.vasu.testng.EmpListTest" tests="1" failures="0" timestamp="12 Feb 2019 03:22:30 GMT" time="0.001" errors="0">
  <testcase name="empList" time="0.001" classname="com.vasu.testng.EmpListTest"/>
</testsuite> <!-- com.vasu.testng.EmpListTest -->
