<?xml version="1.0" encoding="UTF-8"?>
<!-- Generated by org.testng.reporters.JUnitReportReporter -->
<testsuite hostname="vasu-PC" name="com.vasu.testng.BeforeTestAfterTest" tests="1" failures="0" timestamp="12 Feb 2019 02:55:50 GMT" time="1.864" errors="0">
  <testcase name="appLogin" time="1.864" classname="com.vasu.testng.BeforeTestAfterTest"/>
</testsuite> <!-- com.vasu.testng.BeforeTestAfterTest -->
